TN:
SF:game.js
FN:46,buildDeck
FN:61,targetScore
FN:65,drawCards
FN:74,rankToValue
FN:82,evaluateHand
FN:83,(anonymous_5)
FN:83,(anonymous_6)
FN:84,(anonymous_7)
FN:90,(anonymous_8)
FN:98,(anonymous_9)
FN:116,clearSelection
FN:120,replenishHand
FN:125,toggleSelection
FN:138,removeSelectedCards
FN:139,(anonymous_14)
FN:140,(anonymous_15)
FN:149,setMessage
FN:153,nextAnte
FN:165,endRun
FN:170,playSelected
FN:174,(anonymous_20)
FN:197,discardSelected
FN:215,getCardImageSrc
FN:228,render
FN:238,(anonymous_24)
FN:243,(anonymous_25)
FN:248,newRun
FNF:27
FNH:25
FNDA:10,buildDeck
FNDA:25,targetScore
FNDA:10,drawCards
FNDA:71,rankToValue
FNDA:13,evaluateHand
FNDA:65,(anonymous_5)
FNDA:62,(anonymous_6)
FNDA:65,(anonymous_7)
FNDA:41,(anonymous_8)
FNDA:10,(anonymous_9)
FNDA:10,clearSelection
FNDA:3,replenishHand
FNDA:13,toggleSelection
FNDA:3,removeSelectedCards
FNDA:8,(anonymous_14)
FNDA:11,(anonymous_15)
FNDA:11,setMessage
FNDA:0,nextAnte
FNDA:1,endRun
FNDA:3,playSelected
FNDA:12,(anonymous_20)
FNDA:1,discardSelected
FNDA:190,getCardImageSrc
FNDA:23,render
FNDA:184,(anonymous_24)
FNDA:0,(anonymous_25)
FNDA:7,newRun
DA:1,2
DA:2,2
DA:3,2
DA:5,2
DA:18,2
DA:29,2
DA:31,2
DA:32,2
DA:47,10
DA:48,10
DA:49,40
DA:50,520
DA:54,10
DA:55,510
DA:56,510
DA:58,10
DA:62,25
DA:66,10
DA:67,67
DA:68,0
DA:70,67
DA:75,71
DA:76,14
DA:77,12
DA:78,9
DA:79,6
DA:83,65
DA:84,65
DA:85,13
DA:86,13
DA:87,65
DA:90,41
DA:91,13
DA:92,13
DA:94,13
DA:95,13
DA:96,7
DA:97,7
DA:98,10
DA:99,1
DA:103,13
DA:104,13
DA:105,12
DA:106,11
DA:107,10
DA:108,9
DA:109,8
DA:110,6
DA:111,4
DA:112,3
DA:113,2
DA:117,10
DA:121,3
DA:122,3
DA:126,13
DA:127,1
DA:129,12
DA:130,0
DA:131,0
DA:133,12
DA:135,13
DA:139,8
DA:140,11
DA:141,3
DA:142,11
DA:144,3
DA:145,3
DA:146,3
DA:150,11
DA:154,0
DA:155,0
DA:156,0
DA:157,0
DA:158,0
DA:159,0
DA:160,0
DA:161,0
DA:162,0
DA:166,1
DA:167,1
DA:171,3
DA:172,3
DA:174,12
DA:175,3
DA:176,1
DA:177,1
DA:180,2
DA:181,2
DA:182,2
DA:183,2
DA:184,2
DA:186,2
DA:187,0
DA:188,2
DA:189,1
DA:191,1
DA:194,2
DA:198,1
DA:199,1
DA:200,0
DA:201,0
DA:204,1
DA:205,0
DA:206,0
DA:209,1
DA:210,1
DA:211,1
DA:212,1
DA:216,190
DA:220,190
DA:223,190
DA:224,190
DA:225,190
DA:229,23
DA:230,23
DA:231,23
DA:232,23
DA:233,23
DA:234,23
DA:235,23
DA:237,23
DA:238,23
DA:239,184
DA:240,184
DA:241,184
DA:242,184
DA:243,184
DA:244,184
DA:249,7
DA:250,7
DA:251,7
DA:252,7
DA:253,7
DA:254,7
DA:255,7
DA:256,7
DA:257,7
DA:258,7
DA:259,7
DA:263,2
DA:264,2
DA:267,2
DA:268,2
DA:269,2
DA:270,2
DA:272,2
LF:146
LH:129
BRDA:31,0,0,2
BRDA:31,0,1,0
BRDA:31,1,0,2
BRDA:31,1,1,2
BRDA:62,2,0,25
BRDA:62,2,1,0
BRDA:67,3,0,0
BRDA:67,3,1,67
BRDA:75,4,0,57
BRDA:75,4,1,14
BRDA:76,5,0,2
BRDA:76,5,1,12
BRDA:77,6,0,3
BRDA:77,6,1,9
BRDA:78,7,0,3
BRDA:78,7,1,6
BRDA:87,8,0,65
BRDA:87,8,1,52
BRDA:95,9,0,7
BRDA:95,9,1,6
BRDA:98,10,0,1
BRDA:98,10,1,6
BRDA:98,11,0,7
BRDA:98,11,1,4
BRDA:103,12,0,13
BRDA:103,12,1,4
BRDA:103,12,2,2
BRDA:104,13,0,1
BRDA:104,13,1,12
BRDA:105,14,0,1
BRDA:105,14,1,11
BRDA:105,15,0,12
BRDA:105,15,1,3
BRDA:106,16,0,1
BRDA:106,16,1,10
BRDA:107,17,0,1
BRDA:107,17,1,9
BRDA:107,18,0,10
BRDA:107,18,1,3
BRDA:108,19,0,1
BRDA:108,19,1,8
BRDA:109,20,0,2
BRDA:109,20,1,6
BRDA:110,21,0,2
BRDA:110,21,1,4
BRDA:111,22,0,1
BRDA:111,22,1,3
BRDA:111,23,0,4
BRDA:111,23,1,2
BRDA:112,24,0,1
BRDA:112,24,1,2
BRDA:122,25,0,3
BRDA:122,25,1,0
BRDA:126,26,0,1
BRDA:126,26,1,12
BRDA:129,27,0,0
BRDA:129,27,1,12
BRDA:171,28,0,0
BRDA:171,28,1,3
BRDA:172,29,0,0
BRDA:172,29,1,3
BRDA:175,30,0,1
BRDA:175,30,1,2
BRDA:186,31,0,0
BRDA:186,31,1,2
BRDA:188,32,0,1
BRDA:188,32,1,1
BRDA:198,33,0,0
BRDA:198,33,1,1
BRDA:199,34,0,0
BRDA:199,34,1,1
BRDA:204,35,0,0
BRDA:204,35,1,1
BRDA:240,36,0,32
BRDA:240,36,1,152
BRDA:263,37,0,2
BRDA:263,37,1,0
BRDA:263,38,0,2
BRDA:263,38,1,2
BRDA:267,39,0,2
BRDA:267,39,1,0
BRDA:267,40,0,2
BRDA:267,40,1,2
BRF:83
BRH:70
end_of_record
